Performing C SOURCE FILE Test CMAKE_HAVE_LIBC_PTHREAD failed with the following output:
Change Dir: /home/lyubaxapro/analysis_of_algorithms/lab5/aa_lab5/cmake-build-debug/CMakeFiles/CMakeTmp

Run Build Command(s):/usr/bin/make cmTC_dc73d/fast && /usr/bin/make  -f CMakeFiles/cmTC_dc73d.dir/build.make CMakeFiles/cmTC_dc73d.dir/build
make[1]: Entering directory '/home/lyubaxapro/analysis_of_algorithms/lab5/aa_lab5/cmake-build-debug/CMakeFiles/CMakeTmp'
Building C object CMakeFiles/cmTC_dc73d.dir/src.c.o
/usr/bin/cc   -DCMAKE_HAVE_LIBC_PTHREAD   -o CMakeFiles/cmTC_dc73d.dir/src.c.o   -c /home/lyubaxapro/analysis_of_algorithms/lab5/aa_lab5/cmake-build-debug/CMakeFiles/CMakeTmp/src.c
Linking C executable cmTC_dc73d
/snap/clion/132/bin/cmake/linux/bin/cmake -E cmake_link_script CMakeFiles/cmTC_dc73d.dir/link.txt --verbose=1
/usr/bin/cc  -DCMAKE_HAVE_LIBC_PTHREAD    CMakeFiles/cmTC_dc73d.dir/src.c.o  -o cmTC_dc73d 
CMakeFiles/cmTC_dc73d.dir/src.c.o: In function `main':
src.c:(.text+0x3e): undefined reference to `pthread_create'
src.c:(.text+0x4a): undefined reference to `pthread_detach'
src.c:(.text+0x56): undefined reference to `pthread_cancel'
src.c:(.text+0x67): undefined reference to `pthread_join'
src.c:(.text+0x7b): undefined reference to `pthread_atfork'
collect2: error: ld returned 1 exit status
CMakeFiles/cmTC_dc73d.dir/build.make:106: recipe for target 'cmTC_dc73d' failed
make[1]: *** [cmTC_dc73d] Error 1
make[1]: Leaving directory '/home/lyubaxapro/analysis_of_algorithms/lab5/aa_lab5/cmake-build-debug/CMakeFiles/CMakeTmp'
Makefile:141: recipe for target 'cmTC_dc73d/fast' failed
make: *** [cmTC_dc73d/fast] Error 2


Source file was:
#include <pthread.h>

void* test_func(void* data)
{
  return data;
}

int main(void)
{
  pthread_t thread;
  pthread_create(&thread, NULL, test_func, NULL);
  pthread_detach(thread);
  pthread_cancel(thread);
  pthread_join(thread, NULL);
  pthread_atfork(NULL, NULL, NULL);
  pthread_exit(NULL);

  return 0;
}

Determining if the function pthread_create exists in the pthreads failed with the following output:
Change Dir: /home/lyubaxapro/analysis_of_algorithms/lab5/aa_lab5/cmake-build-debug/CMakeFiles/CMakeTmp

Run Build Command(s):/usr/bin/make cmTC_51e89/fast && /usr/bin/make  -f CMakeFiles/cmTC_51e89.dir/build.make CMakeFiles/cmTC_51e89.dir/build
make[1]: Entering directory '/home/lyubaxapro/analysis_of_algorithms/lab5/aa_lab5/cmake-build-debug/CMakeFiles/CMakeTmp'
Building C object CMakeFiles/cmTC_51e89.dir/CheckFunctionExists.c.o
/usr/bin/cc   -DCHECK_FUNCTION_EXISTS=pthread_create   -o CMakeFiles/cmTC_51e89.dir/CheckFunctionExists.c.o   -c /snap/clion/132/bin/cmake/linux/share/cmake-3.17/Modules/CheckFunctionExists.c
Linking C executable cmTC_51e89
/snap/clion/132/bin/cmake/linux/bin/cmake -E cmake_link_script CMakeFiles/cmTC_51e89.dir/link.txt --verbose=1
/usr/bin/cc  -DCHECK_FUNCTION_EXISTS=pthread_create    CMakeFiles/cmTC_51e89.dir/CheckFunctionExists.c.o  -o cmTC_51e89  -lpthreads 
/usr/bin/ld: cannot find -lpthreads
collect2: error: ld returned 1 exit status
CMakeFiles/cmTC_51e89.dir/build.make:106: recipe for target 'cmTC_51e89' failed
make[1]: *** [cmTC_51e89] Error 1
make[1]: Leaving directory '/home/lyubaxapro/analysis_of_algorithms/lab5/aa_lab5/cmake-build-debug/CMakeFiles/CMakeTmp'
Makefile:141: recipe for target 'cmTC_51e89/fast' failed
make: *** [cmTC_51e89/fast] Error 2



